<?xml version="1.0" encoding="UTF-8" ?>
<testsuite errors="0" failures="0" hostname="forgiveness-machine" name="music.LexerTest" tests="8" time="0.174" timestamp="2010-01-28T23:54:55">
  <properties>
[...]
</properties>
  <testcase classname="music.LexerTest" name="testLexString" time="0.011" />
  <testcase classname="music.LexerTest" name="testLexString1" time="0.0010" />
  <testcase classname="music.LexerTest" name="testLexString2" time="0.0010" />
  <testcase classname="music.LexerTest" name="testLexString3" time="0.0010" />
  <testcase classname="music.LexerTest" name="testLexString4" time="0.0040" />
  <testcase classname="music.LexerTest" name="testLexString5" time="0.0040" />
  <testcase classname="music.LexerTest" name="testLexString6" time="0.0040" />
  <testcase classname="music.LexerTest" name="testLexString7" time="0.0050" />
  <system-out><![CDATA[,34.56,.,func,End of File
[]
,34.56,.,func,End of File
numberToken
numberToken
opToken
opToken
varToken
varToken
eofToken
eofToken
whiteToken
whiteToken
eofToken
eofToken
varToken
varToken
whiteToken
whiteToken
varToken
varToken
eofToken
eofToken
numberToken
numberToken
eofToken
eofToken
[]
,c3,!, ,(,2,+,h,),End of File
varToken
varToken
opToken
opToken
whiteToken
whiteToken
puncToken
puncToken
numberToken
numberToken
opToken
opToken
varToken
varToken
puncToken
puncToken
eofToken
eofToken
puncToken
puncToken
puncToken
puncToken
puncToken
puncToken
puncToken
puncToken
puncToken
puncToken
puncToken
puncToken
puncToken
puncToken
puncToken
puncToken
puncToken
puncToken
eofToken
eofToken
varToken
varToken
opToken
opToken
varToken
varToken
whiteToken
whiteToken
whiteToken
whiteToken
whiteToken
whiteToken
numberToken
numberToken
eofToken
eofToken
varToken
varToken
varToken
varToken
numberToken
numberToken
eofToken
eofToken
]]></system-out>
  <system-err><![CDATA[]]></system-err>
</testsuite>
